2020-12-08 00:00:00.009  INFO 11434 --- [taskExecutor-1] c.example.demo.service.SchedulerService  : Tue Dec 08 00:00:00 MSK 2020
2020-12-08 00:00:12.285  INFO 11434 --- [SpringContextShutdownHook] o.s.s.concurrent.ThreadPoolTaskExecutor  : Shutting down ExecutorService 'taskExecutor'
2020-12-08 00:00:12.286  INFO 11434 --- [SpringContextShutdownHook] j.LocalContainerEntityManagerFactoryBean : Closing JPA EntityManagerFactory for persistence unit 'default'
2020-12-08 00:00:12.287  INFO 11434 --- [SpringContextShutdownHook] o.s.s.c.ThreadPoolTaskScheduler          : Shutting down ExecutorService 'taskScheduler'
2020-12-08 00:00:12.288  INFO 11434 --- [SpringContextShutdownHook] com.zaxxer.hikari.HikariDataSource       : HikariPool-1 - Shutdown initiated...
2020-12-08 00:00:12.291  INFO 11434 --- [SpringContextShutdownHook] com.zaxxer.hikari.HikariDataSource       : HikariPool-1 - Shutdown completed.
2020-12-08 00:00:25.382  INFO 11741 --- [restartedMain] c.e.demo.SpringbootBackendApplication    : Starting SpringbootBackendApplication on dmitry with PID 11741 (/home/dmitry/Documents/CourseWork/springboot-backend/target/classes started by dmitry in /home/dmitry/Documents/CourseWork/springboot-backend)
2020-12-08 00:00:25.384  INFO 11741 --- [restartedMain] c.e.demo.SpringbootBackendApplication    : No active profile set, falling back to default profiles: default
2020-12-08 00:00:25.501  INFO 11741 --- [restartedMain] .e.DevToolsPropertyDefaultsPostProcessor : Devtools property defaults active! Set 'spring.devtools.add-properties' to 'false' to disable
2020-12-08 00:00:25.502  INFO 11741 --- [restartedMain] .e.DevToolsPropertyDefaultsPostProcessor : For additional web related logging consider setting the 'logging.level.web' property to 'DEBUG'
2020-12-08 00:00:25.778  INFO 11741 --- [restartedMain] .s.d.r.c.RepositoryConfigurationDelegate : Bootstrapping Spring Data JPA repositories in DEFERRED mode.
2020-12-08 00:00:25.808  INFO 11741 --- [restartedMain] .s.d.r.c.RepositoryConfigurationDelegate : Finished Spring Data repository scanning in 26ms. Found 5 JPA repository interfaces.
2020-12-08 00:00:26.079  INFO 11741 --- [restartedMain] o.s.b.w.embedded.tomcat.TomcatWebServer  : Tomcat initialized with port(s): 8080 (http)
2020-12-08 00:00:26.085  INFO 11741 --- [restartedMain] o.apache.catalina.core.StandardService   : Starting service [Tomcat]
2020-12-08 00:00:26.085  INFO 11741 --- [restartedMain] org.apache.catalina.core.StandardEngine  : Starting Servlet engine: [Apache Tomcat/9.0.39]
2020-12-08 00:00:26.138  INFO 11741 --- [restartedMain] o.a.c.c.C.[Tomcat].[localhost].[/]       : Initializing Spring embedded WebApplicationContext
2020-12-08 00:00:26.139  INFO 11741 --- [restartedMain] w.s.c.ServletWebServerApplicationContext : Root WebApplicationContext: initialization completed in 637 ms
2020-12-08 00:00:26.225  INFO 11741 --- [restartedMain] o.s.s.c.ThreadPoolTaskScheduler          : Initializing ExecutorService 'taskScheduler'
2020-12-08 00:00:26.244  INFO 11741 --- [scheduling-1] o.hibernate.jpa.internal.util.LogHelper  : HHH000204: Processing PersistenceUnitInfo [name: default]
2020-12-08 00:00:26.261  INFO 11741 --- [scheduling-1] org.hibernate.Version                    : HHH000412: Hibernate ORM core version 5.4.22.Final
2020-12-08 00:00:26.297  INFO 11741 --- [restartedMain] o.s.s.concurrent.ThreadPoolTaskExecutor  : Initializing ExecutorService
2020-12-08 00:00:26.297  INFO 11741 --- [restartedMain] o.s.s.concurrent.ThreadPoolTaskExecutor  : Initializing ExecutorService 'taskExecutor'
2020-12-08 00:00:26.314  INFO 11741 --- [scheduling-1] o.hibernate.annotations.common.Version   : HCANN000001: Hibernate Commons Annotations {5.1.0.Final}
2020-12-08 00:00:26.322  WARN 11741 --- [restartedMain] JpaBaseConfiguration$JpaWebConfiguration : spring.jpa.open-in-view is enabled by default. Therefore, database queries may be performed during view rendering. Explicitly configure spring.jpa.open-in-view to disable this warning
2020-12-08 00:00:26.348  INFO 11741 --- [scheduling-1] com.zaxxer.hikari.HikariDataSource       : HikariPool-1 - Starting...
2020-12-08 00:00:26.471  WARN 11741 --- [restartedMain] .b.a.g.t.GroovyTemplateAutoConfiguration : Cannot find template location: classpath:/templates/ (please add some templates, check your Groovy configuration, or set spring.groovy.template.check-template-location=false)
2020-12-08 00:00:26.477  INFO 11741 --- [scheduling-1] com.zaxxer.hikari.HikariDataSource       : HikariPool-1 - Start completed.
2020-12-08 00:00:26.484  INFO 11741 --- [scheduling-1] org.hibernate.dialect.Dialect            : HHH000400: Using dialect: org.hibernate.dialect.MySQL8Dialect
2020-12-08 00:00:26.592  INFO 11741 --- [restartedMain] o.s.b.d.a.OptionalLiveReloadServer       : LiveReload server is running on port 35729
2020-12-08 00:00:26.609  INFO 11741 --- [restartedMain] o.s.b.w.embedded.tomcat.TomcatWebServer  : Tomcat started on port(s): 8080 (http) with context path ''
2020-12-08 00:00:26.610  INFO 11741 --- [restartedMain] DeferredRepositoryInitializationListener : Triggering deferred initialization of Spring Data repositories…
2020-12-08 00:00:26.751  INFO 11741 --- [scheduling-1] o.h.e.t.j.p.i.JtaPlatformInitiator       : HHH000490: Using JtaPlatform implementation: [org.hibernate.engine.transaction.jta.platform.internal.NoJtaPlatform]
2020-12-08 00:00:26.754  INFO 11741 --- [scheduling-1] j.LocalContainerEntityManagerFactoryBean : Initialized JPA EntityManagerFactory for persistence unit 'default'
2020-12-08 00:00:26.888  INFO 11741 --- [restartedMain] DeferredRepositoryInitializationListener : Spring Data repositories initialized!
2020-12-08 00:00:26.894  INFO 11741 --- [restartedMain] c.e.demo.SpringbootBackendApplication    : Started SpringbootBackendApplication in 1.683 seconds (JVM running for 1.977)
2020-12-08 00:00:28.280  INFO 11741 --- [http-nio-8080-exec-1] o.a.c.c.C.[Tomcat].[localhost].[/]       : Initializing Spring DispatcherServlet 'dispatcherServlet'
2020-12-08 00:00:28.280  INFO 11741 --- [http-nio-8080-exec-1] o.s.web.servlet.DispatcherServlet        : Initializing Servlet 'dispatcherServlet'
2020-12-08 00:00:28.283  INFO 11741 --- [http-nio-8080-exec-1] o.s.web.servlet.DispatcherServlet        : Completed initialization in 3 ms
2020-12-08 00:00:28.322  INFO 11741 --- [http-nio-8080-exec-1] c.e.demo.controller.ProductController    : 103
2020-12-08 00:00:30.830  INFO 11741 --- [http-nio-8080-exec-3] c.e.demo.controller.ProductController    : The reports was created
2020-12-08 00:00:30.831  INFO 11741 --- [taskExecutor-2] c.e.demo.report.ProductReportService     : The html report creation started
2020-12-08 00:00:30.831  INFO 11741 --- [taskExecutor-1] c.e.demo.report.ProductReportService     : The pdf report creation started
2020-12-08 00:01:00.009  INFO 11741 --- [taskExecutor-3] c.example.demo.service.SchedulerService  : Tue Dec 08 00:01:00 MSK 2020
2020-12-08 00:01:11.344  INFO 11741 --- [SpringContextShutdownHook] o.s.s.concurrent.ThreadPoolTaskExecutor  : Shutting down ExecutorService 'taskExecutor'
2020-12-08 00:01:11.344  INFO 11741 --- [SpringContextShutdownHook] j.LocalContainerEntityManagerFactoryBean : Closing JPA EntityManagerFactory for persistence unit 'default'
2020-12-08 00:01:11.345  INFO 11741 --- [SpringContextShutdownHook] o.s.s.c.ThreadPoolTaskScheduler          : Shutting down ExecutorService 'taskScheduler'
2020-12-08 00:01:11.346  INFO 11741 --- [SpringContextShutdownHook] com.zaxxer.hikari.HikariDataSource       : HikariPool-1 - Shutdown initiated...
2020-12-08 00:01:11.350  INFO 11741 --- [SpringContextShutdownHook] com.zaxxer.hikari.HikariDataSource       : HikariPool-1 - Shutdown completed.
2020-12-08 00:01:13.402  INFO 11939 --- [restartedMain] c.e.demo.SpringbootBackendApplication    : Starting SpringbootBackendApplication on dmitry with PID 11939 (/home/dmitry/Documents/CourseWork/springboot-backend/target/classes started by dmitry in /home/dmitry/Documents/CourseWork/springboot-backend)
2020-12-08 00:01:13.404  INFO 11939 --- [restartedMain] c.e.demo.SpringbootBackendApplication    : No active profile set, falling back to default profiles: default
2020-12-08 00:01:13.524  INFO 11939 --- [restartedMain] .e.DevToolsPropertyDefaultsPostProcessor : Devtools property defaults active! Set 'spring.devtools.add-properties' to 'false' to disable
2020-12-08 00:01:13.524  INFO 11939 --- [restartedMain] .e.DevToolsPropertyDefaultsPostProcessor : For additional web related logging consider setting the 'logging.level.web' property to 'DEBUG'
2020-12-08 00:01:13.799  INFO 11939 --- [restartedMain] .s.d.r.c.RepositoryConfigurationDelegate : Bootstrapping Spring Data JPA repositories in DEFERRED mode.
2020-12-08 00:01:13.828  INFO 11939 --- [restartedMain] .s.d.r.c.RepositoryConfigurationDelegate : Finished Spring Data repository scanning in 26ms. Found 5 JPA repository interfaces.
2020-12-08 00:01:14.118  INFO 11939 --- [restartedMain] o.s.b.w.embedded.tomcat.TomcatWebServer  : Tomcat initialized with port(s): 8080 (http)
2020-12-08 00:01:14.122  INFO 11939 --- [restartedMain] o.apache.catalina.core.StandardService   : Starting service [Tomcat]
2020-12-08 00:01:14.122  INFO 11939 --- [restartedMain] org.apache.catalina.core.StandardEngine  : Starting Servlet engine: [Apache Tomcat/9.0.39]
2020-12-08 00:01:14.162  INFO 11939 --- [restartedMain] o.a.c.c.C.[Tomcat].[localhost].[/]       : Initializing Spring embedded WebApplicationContext
2020-12-08 00:01:14.162  INFO 11939 --- [restartedMain] w.s.c.ServletWebServerApplicationContext : Root WebApplicationContext: initialization completed in 638 ms
2020-12-08 00:01:14.235  INFO 11939 --- [restartedMain] o.s.s.c.ThreadPoolTaskScheduler          : Initializing ExecutorService 'taskScheduler'
2020-12-08 00:01:14.251  INFO 11939 --- [scheduling-1] o.hibernate.jpa.internal.util.LogHelper  : HHH000204: Processing PersistenceUnitInfo [name: default]
2020-12-08 00:01:14.267  INFO 11939 --- [scheduling-1] org.hibernate.Version                    : HHH000412: Hibernate ORM core version 5.4.22.Final
2020-12-08 00:01:14.294  INFO 11939 --- [restartedMain] o.s.s.concurrent.ThreadPoolTaskExecutor  : Initializing ExecutorService
2020-12-08 00:01:14.294  INFO 11939 --- [restartedMain] o.s.s.concurrent.ThreadPoolTaskExecutor  : Initializing ExecutorService 'taskExecutor'
2020-12-08 00:01:14.318  WARN 11939 --- [restartedMain] JpaBaseConfiguration$JpaWebConfiguration : spring.jpa.open-in-view is enabled by default. Therefore, database queries may be performed during view rendering. Explicitly configure spring.jpa.open-in-view to disable this warning
2020-12-08 00:01:14.319  INFO 11939 --- [scheduling-1] o.hibernate.annotations.common.Version   : HCANN000001: Hibernate Commons Annotations {5.1.0.Final}
2020-12-08 00:01:14.353  INFO 11939 --- [scheduling-1] com.zaxxer.hikari.HikariDataSource       : HikariPool-1 - Starting...
2020-12-08 00:01:14.473  WARN 11939 --- [restartedMain] .b.a.g.t.GroovyTemplateAutoConfiguration : Cannot find template location: classpath:/templates/ (please add some templates, check your Groovy configuration, or set spring.groovy.template.check-template-location=false)
2020-12-08 00:01:14.490  INFO 11939 --- [scheduling-1] com.zaxxer.hikari.HikariDataSource       : HikariPool-1 - Start completed.
2020-12-08 00:01:14.496  INFO 11939 --- [scheduling-1] org.hibernate.dialect.Dialect            : HHH000400: Using dialect: org.hibernate.dialect.MySQL8Dialect
2020-12-08 00:01:14.606  INFO 11939 --- [restartedMain] o.s.b.d.a.OptionalLiveReloadServer       : LiveReload server is running on port 35729
2020-12-08 00:01:14.622  INFO 11939 --- [restartedMain] o.s.b.w.embedded.tomcat.TomcatWebServer  : Tomcat started on port(s): 8080 (http) with context path ''
2020-12-08 00:01:14.623  INFO 11939 --- [restartedMain] DeferredRepositoryInitializationListener : Triggering deferred initialization of Spring Data repositories…
2020-12-08 00:01:14.767  INFO 11939 --- [scheduling-1] o.h.e.t.j.p.i.JtaPlatformInitiator       : HHH000490: Using JtaPlatform implementation: [org.hibernate.engine.transaction.jta.platform.internal.NoJtaPlatform]
2020-12-08 00:01:14.770  INFO 11939 --- [scheduling-1] j.LocalContainerEntityManagerFactoryBean : Initialized JPA EntityManagerFactory for persistence unit 'default'
2020-12-08 00:01:14.901  INFO 11939 --- [restartedMain] DeferredRepositoryInitializationListener : Spring Data repositories initialized!
2020-12-08 00:01:14.907  INFO 11939 --- [restartedMain] c.e.demo.SpringbootBackendApplication    : Started SpringbootBackendApplication in 1.675 seconds (JVM running for 2.001)
2020-12-08 00:01:17.164  INFO 11939 --- [http-nio-8080-exec-1] o.a.c.c.C.[Tomcat].[localhost].[/]       : Initializing Spring DispatcherServlet 'dispatcherServlet'
2020-12-08 00:01:17.164  INFO 11939 --- [http-nio-8080-exec-1] o.s.web.servlet.DispatcherServlet        : Initializing Servlet 'dispatcherServlet'
2020-12-08 00:01:17.169  INFO 11939 --- [http-nio-8080-exec-1] o.s.web.servlet.DispatcherServlet        : Completed initialization in 5 ms
2020-12-08 00:01:17.184  INFO 11939 --- [http-nio-8080-exec-1] c.e.demo.controller.ProductController    : The reports was created
2020-12-08 00:01:17.187  INFO 11939 --- [taskExecutor-1] c.e.demo.report.ProductReportService     : The pdf report creation started
2020-12-08 00:01:17.187  INFO 11939 --- [taskExecutor-2] c.e.demo.report.ProductReportService     : The html report creation started
2020-12-08 00:02:00.003  INFO 11939 --- [taskExecutor-3] c.example.demo.service.SchedulerService  : Tue Dec 08 00:02:00 MSK 2020
2020-12-08 00:02:05.341  INFO 11939 --- [http-nio-8080-exec-3] c.e.demo.controller.ProductController    : The reports was created
2020-12-08 00:02:05.341  INFO 11939 --- [taskExecutor-2] c.e.demo.report.ProductReportService     : The html report creation started
2020-12-08 00:02:05.341  INFO 11939 --- [taskExecutor-4] c.e.demo.report.ProductReportService     : The pdf report creation started
2020-12-08 00:02:10.065  INFO 11939 --- [SpringContextShutdownHook] o.s.s.concurrent.ThreadPoolTaskExecutor  : Shutting down ExecutorService 'taskExecutor'
2020-12-08 00:02:10.066  INFO 11939 --- [SpringContextShutdownHook] j.LocalContainerEntityManagerFactoryBean : Closing JPA EntityManagerFactory for persistence unit 'default'
2020-12-08 00:02:10.067  INFO 11939 --- [SpringContextShutdownHook] o.s.s.c.ThreadPoolTaskScheduler          : Shutting down ExecutorService 'taskScheduler'
2020-12-08 00:02:10.068  INFO 11939 --- [SpringContextShutdownHook] com.zaxxer.hikari.HikariDataSource       : HikariPool-1 - Shutdown initiated...
2020-12-08 00:02:10.072  INFO 11939 --- [SpringContextShutdownHook] com.zaxxer.hikari.HikariDataSource       : HikariPool-1 - Shutdown completed.
2020-12-08 00:02:11.958  INFO 12257 --- [restartedMain] c.e.demo.SpringbootBackendApplication    : Starting SpringbootBackendApplication on dmitry with PID 12257 (/home/dmitry/Documents/CourseWork/springboot-backend/target/classes started by dmitry in /home/dmitry/Documents/CourseWork/springboot-backend)
2020-12-08 00:02:11.960  INFO 12257 --- [restartedMain] c.e.demo.SpringbootBackendApplication    : No active profile set, falling back to default profiles: default
2020-12-08 00:02:12.093  INFO 12257 --- [restartedMain] .e.DevToolsPropertyDefaultsPostProcessor : Devtools property defaults active! Set 'spring.devtools.add-properties' to 'false' to disable
2020-12-08 00:02:12.093  INFO 12257 --- [restartedMain] .e.DevToolsPropertyDefaultsPostProcessor : For additional web related logging consider setting the 'logging.level.web' property to 'DEBUG'
2020-12-08 00:02:12.375  INFO 12257 --- [restartedMain] .s.d.r.c.RepositoryConfigurationDelegate : Bootstrapping Spring Data JPA repositories in DEFERRED mode.
2020-12-08 00:02:12.405  INFO 12257 --- [restartedMain] .s.d.r.c.RepositoryConfigurationDelegate : Finished Spring Data repository scanning in 26ms. Found 5 JPA repository interfaces.
2020-12-08 00:02:12.686  INFO 12257 --- [restartedMain] o.s.b.w.embedded.tomcat.TomcatWebServer  : Tomcat initialized with port(s): 8080 (http)
2020-12-08 00:02:12.690  INFO 12257 --- [restartedMain] o.apache.catalina.core.StandardService   : Starting service [Tomcat]
2020-12-08 00:02:12.690  INFO 12257 --- [restartedMain] org.apache.catalina.core.StandardEngine  : Starting Servlet engine: [Apache Tomcat/9.0.39]
2020-12-08 00:02:12.740  INFO 12257 --- [restartedMain] o.a.c.c.C.[Tomcat].[localhost].[/]       : Initializing Spring embedded WebApplicationContext
2020-12-08 00:02:12.740  INFO 12257 --- [restartedMain] w.s.c.ServletWebServerApplicationContext : Root WebApplicationContext: initialization completed in 646 ms
2020-12-08 00:02:12.820  INFO 12257 --- [restartedMain] o.s.s.c.ThreadPoolTaskScheduler          : Initializing ExecutorService 'taskScheduler'
2020-12-08 00:02:12.838  INFO 12257 --- [scheduling-1] o.hibernate.jpa.internal.util.LogHelper  : HHH000204: Processing PersistenceUnitInfo [name: default]
2020-12-08 00:02:12.858  INFO 12257 --- [scheduling-1] org.hibernate.Version                    : HHH000412: Hibernate ORM core version 5.4.22.Final
2020-12-08 00:02:12.876  INFO 12257 --- [restartedMain] o.s.s.concurrent.ThreadPoolTaskExecutor  : Initializing ExecutorService
2020-12-08 00:02:12.877  INFO 12257 --- [restartedMain] o.s.s.concurrent.ThreadPoolTaskExecutor  : Initializing ExecutorService 'taskExecutor'
2020-12-08 00:02:12.911  WARN 12257 --- [restartedMain] JpaBaseConfiguration$JpaWebConfiguration : spring.jpa.open-in-view is enabled by default. Therefore, database queries may be performed during view rendering. Explicitly configure spring.jpa.open-in-view to disable this warning
2020-12-08 00:02:12.919  INFO 12257 --- [scheduling-1] o.hibernate.annotations.common.Version   : HCANN000001: Hibernate Commons Annotations {5.1.0.Final}
2020-12-08 00:02:12.953  INFO 12257 --- [scheduling-1] com.zaxxer.hikari.HikariDataSource       : HikariPool-1 - Starting...
2020-12-08 00:02:13.073  WARN 12257 --- [restartedMain] .b.a.g.t.GroovyTemplateAutoConfiguration : Cannot find template location: classpath:/templates/ (please add some templates, check your Groovy configuration, or set spring.groovy.template.check-template-location=false)
2020-12-08 00:02:13.106  INFO 12257 --- [scheduling-1] com.zaxxer.hikari.HikariDataSource       : HikariPool-1 - Start completed.
2020-12-08 00:02:13.113  INFO 12257 --- [scheduling-1] org.hibernate.dialect.Dialect            : HHH000400: Using dialect: org.hibernate.dialect.MySQL8Dialect
2020-12-08 00:02:13.198  INFO 12257 --- [restartedMain] o.s.b.d.a.OptionalLiveReloadServer       : LiveReload server is running on port 35729
2020-12-08 00:02:13.214  INFO 12257 --- [restartedMain] o.s.b.w.embedded.tomcat.TomcatWebServer  : Tomcat started on port(s): 8080 (http) with context path ''
2020-12-08 00:02:13.215  INFO 12257 --- [restartedMain] DeferredRepositoryInitializationListener : Triggering deferred initialization of Spring Data repositories…
2020-12-08 00:02:13.387  INFO 12257 --- [scheduling-1] o.h.e.t.j.p.i.JtaPlatformInitiator       : HHH000490: Using JtaPlatform implementation: [org.hibernate.engine.transaction.jta.platform.internal.NoJtaPlatform]
2020-12-08 00:02:13.391  INFO 12257 --- [scheduling-1] j.LocalContainerEntityManagerFactoryBean : Initialized JPA EntityManagerFactory for persistence unit 'default'
2020-12-08 00:02:13.518  INFO 12257 --- [restartedMain] DeferredRepositoryInitializationListener : Spring Data repositories initialized!
2020-12-08 00:02:13.524  INFO 12257 --- [restartedMain] c.e.demo.SpringbootBackendApplication    : Started SpringbootBackendApplication in 1.725 seconds (JVM running for 2.026)
2020-12-08 00:02:14.134  INFO 12257 --- [http-nio-8080-exec-1] o.a.c.c.C.[Tomcat].[localhost].[/]       : Initializing Spring DispatcherServlet 'dispatcherServlet'
2020-12-08 00:02:14.134  INFO 12257 --- [http-nio-8080-exec-1] o.s.web.servlet.DispatcherServlet        : Initializing Servlet 'dispatcherServlet'
2020-12-08 00:02:14.139  INFO 12257 --- [http-nio-8080-exec-1] o.s.web.servlet.DispatcherServlet        : Completed initialization in 5 ms
2020-12-08 00:02:14.156  INFO 12257 --- [http-nio-8080-exec-1] c.e.demo.controller.ProductController    : The reports was created
2020-12-08 00:02:14.159  INFO 12257 --- [taskExecutor-2] c.e.demo.report.ProductReportService     : The html report creation started
2020-12-08 00:02:14.159  INFO 12257 --- [taskExecutor-1] c.e.demo.report.ProductReportService     : The pdf report creation started
2020-12-08 00:02:40.998  INFO 12257 --- [http-nio-8080-exec-9] c.e.demo.controller.ProductController    : 103
2020-12-08 00:02:41.674  INFO 12257 --- [taskExecutor-4] c.e.demo.report.ProductReportService     : The html report creation started
2020-12-08 00:02:41.674  INFO 12257 --- [http-nio-8080-exec-1] c.e.demo.controller.ProductController    : The reports was created
2020-12-08 00:02:41.674  INFO 12257 --- [taskExecutor-3] c.e.demo.report.ProductReportService     : The pdf report creation started
2020-12-08 00:03:00.005  INFO 12257 --- [taskExecutor-1] c.example.demo.service.SchedulerService  : Tue Dec 08 00:03:00 MSK 2020
2020-12-08 00:04:00.000  INFO 12257 --- [taskExecutor-2] c.example.demo.service.SchedulerService  : Tue Dec 08 00:04:00 MSK 2020
2020-12-08 00:05:00.000  INFO 12257 --- [taskExecutor-3] c.example.demo.service.SchedulerService  : Tue Dec 08 00:05:00 MSK 2020
2020-12-08 00:06:00.001  INFO 12257 --- [taskExecutor-4] c.example.demo.service.SchedulerService  : Tue Dec 08 00:06:00 MSK 2020
2020-12-08 00:07:00.000  INFO 12257 --- [taskExecutor-1] c.example.demo.service.SchedulerService  : Tue Dec 08 00:07:00 MSK 2020
2020-12-08 00:08:00.000  INFO 12257 --- [taskExecutor-2] c.example.demo.service.SchedulerService  : Tue Dec 08 00:08:00 MSK 2020
2020-12-08 00:09:00.000  INFO 12257 --- [taskExecutor-3] c.example.demo.service.SchedulerService  : Tue Dec 08 00:09:00 MSK 2020
2020-12-08 00:10:00.001  INFO 12257 --- [taskExecutor-4] c.example.demo.service.SchedulerService  : Tue Dec 08 00:10:00 MSK 2020
2020-12-08 00:11:00.000  INFO 12257 --- [taskExecutor-1] c.example.demo.service.SchedulerService  : Tue Dec 08 00:11:00 MSK 2020
2020-12-08 00:12:00.000  INFO 12257 --- [taskExecutor-2] c.example.demo.service.SchedulerService  : Tue Dec 08 00:12:00 MSK 2020
2020-12-08 00:13:00.001  INFO 12257 --- [taskExecutor-3] c.example.demo.service.SchedulerService  : Tue Dec 08 00:13:00 MSK 2020
2020-12-08 00:14:00.000  INFO 12257 --- [taskExecutor-4] c.example.demo.service.SchedulerService  : Tue Dec 08 00:14:00 MSK 2020
2020-12-08 00:15:00.000  INFO 12257 --- [taskExecutor-1] c.example.demo.service.SchedulerService  : Tue Dec 08 00:15:00 MSK 2020
2020-12-08 00:16:00.001  INFO 12257 --- [taskExecutor-2] c.example.demo.service.SchedulerService  : Tue Dec 08 00:16:00 MSK 2020
2020-12-08 00:17:00.001  INFO 12257 --- [taskExecutor-3] c.example.demo.service.SchedulerService  : Tue Dec 08 00:17:00 MSK 2020
2020-12-08 00:18:00.001  INFO 12257 --- [taskExecutor-4] c.example.demo.service.SchedulerService  : Tue Dec 08 00:18:00 MSK 2020
2020-12-08 00:18:35.805  INFO 12257 --- [http-nio-8080-exec-9] c.e.demo.controller.ProductController    : The reports was created
2020-12-08 00:18:35.805  INFO 12257 --- [taskExecutor-2] c.e.demo.report.ProductReportService     : The html report creation started
2020-12-08 00:18:35.805  INFO 12257 --- [taskExecutor-1] c.e.demo.report.ProductReportService     : The pdf report creation started
2020-12-08 00:19:00.000  INFO 12257 --- [taskExecutor-3] c.example.demo.service.SchedulerService  : Tue Dec 08 00:19:00 MSK 2020
2020-12-08 00:19:04.270  INFO 12257 --- [SpringContextShutdownHook] o.s.s.concurrent.ThreadPoolTaskExecutor  : Shutting down ExecutorService 'taskExecutor'
2020-12-08 00:19:04.270  INFO 12257 --- [SpringContextShutdownHook] j.LocalContainerEntityManagerFactoryBean : Closing JPA EntityManagerFactory for persistence unit 'default'
2020-12-08 00:19:04.271  INFO 12257 --- [SpringContextShutdownHook] o.s.s.c.ThreadPoolTaskScheduler          : Shutting down ExecutorService 'taskScheduler'
2020-12-08 00:19:04.272  INFO 12257 --- [SpringContextShutdownHook] com.zaxxer.hikari.HikariDataSource       : HikariPool-1 - Shutdown initiated...
2020-12-08 00:19:04.276  INFO 12257 --- [SpringContextShutdownHook] com.zaxxer.hikari.HikariDataSource       : HikariPool-1 - Shutdown completed.
2020-12-08 00:19:44.240  INFO 14764 --- [restartedMain] c.e.demo.SpringbootBackendApplication    : Starting SpringbootBackendApplication on dmitry with PID 14764 (/home/dmitry/Documents/CourseWork/springboot-backend/target/classes started by dmitry in /home/dmitry/Documents/CourseWork/springboot-backend)
2020-12-08 00:19:44.242  INFO 14764 --- [restartedMain] c.e.demo.SpringbootBackendApplication    : No active profile set, falling back to default profiles: default
2020-12-08 00:19:44.361  INFO 14764 --- [restartedMain] .e.DevToolsPropertyDefaultsPostProcessor : Devtools property defaults active! Set 'spring.devtools.add-properties' to 'false' to disable
2020-12-08 00:19:44.361  INFO 14764 --- [restartedMain] .e.DevToolsPropertyDefaultsPostProcessor : For additional web related logging consider setting the 'logging.level.web' property to 'DEBUG'
2020-12-08 00:19:44.656  INFO 14764 --- [restartedMain] .s.d.r.c.RepositoryConfigurationDelegate : Bootstrapping Spring Data JPA repositories in DEFERRED mode.
2020-12-08 00:19:44.687  INFO 14764 --- [restartedMain] .s.d.r.c.RepositoryConfigurationDelegate : Finished Spring Data repository scanning in 27ms. Found 5 JPA repository interfaces.
2020-12-08 00:19:44.977  INFO 14764 --- [restartedMain] o.s.b.w.embedded.tomcat.TomcatWebServer  : Tomcat initialized with port(s): 8080 (http)
2020-12-08 00:19:44.981  INFO 14764 --- [restartedMain] o.apache.catalina.core.StandardService   : Starting service [Tomcat]
2020-12-08 00:19:44.982  INFO 14764 --- [restartedMain] org.apache.catalina.core.StandardEngine  : Starting Servlet engine: [Apache Tomcat/9.0.39]
2020-12-08 00:19:45.029  INFO 14764 --- [restartedMain] o.a.c.c.C.[Tomcat].[localhost].[/]       : Initializing Spring embedded WebApplicationContext
2020-12-08 00:19:45.030  INFO 14764 --- [restartedMain] w.s.c.ServletWebServerApplicationContext : Root WebApplicationContext: initialization completed in 669 ms
2020-12-08 00:19:45.108  INFO 14764 --- [restartedMain] o.s.s.c.ThreadPoolTaskScheduler          : Initializing ExecutorService 'taskScheduler'
2020-12-08 00:19:45.124  INFO 14764 --- [scheduling-1] o.hibernate.jpa.internal.util.LogHelper  : HHH000204: Processing PersistenceUnitInfo [name: default]
2020-12-08 00:19:45.143  INFO 14764 --- [scheduling-1] org.hibernate.Version                    : HHH000412: Hibernate ORM core version 5.4.22.Final
2020-12-08 00:19:45.175  INFO 14764 --- [restartedMain] o.s.s.concurrent.ThreadPoolTaskExecutor  : Initializing ExecutorService
2020-12-08 00:19:45.175  INFO 14764 --- [restartedMain] o.s.s.concurrent.ThreadPoolTaskExecutor  : Initializing ExecutorService 'taskExecutor'
2020-12-08 00:19:45.194  INFO 14764 --- [scheduling-1] o.hibernate.annotations.common.Version   : HCANN000001: Hibernate Commons Annotations {5.1.0.Final}
2020-12-08 00:19:45.196  WARN 14764 --- [restartedMain] JpaBaseConfiguration$JpaWebConfiguration : spring.jpa.open-in-view is enabled by default. Therefore, database queries may be performed during view rendering. Explicitly configure spring.jpa.open-in-view to disable this warning
2020-12-08 00:19:45.228  INFO 14764 --- [scheduling-1] com.zaxxer.hikari.HikariDataSource       : HikariPool-1 - Starting...
2020-12-08 00:19:45.338  WARN 14764 --- [restartedMain] .b.a.g.t.GroovyTemplateAutoConfiguration : Cannot find template location: classpath:/templates/ (please add some templates, check your Groovy configuration, or set spring.groovy.template.check-template-location=false)
2020-12-08 00:19:45.353  INFO 14764 --- [scheduling-1] com.zaxxer.hikari.HikariDataSource       : HikariPool-1 - Start completed.
2020-12-08 00:19:45.359  INFO 14764 --- [scheduling-1] org.hibernate.dialect.Dialect            : HHH000400: Using dialect: org.hibernate.dialect.MySQL8Dialect
2020-12-08 00:19:45.455  INFO 14764 --- [restartedMain] o.s.b.d.a.OptionalLiveReloadServer       : LiveReload server is running on port 35729
2020-12-08 00:19:45.472  INFO 14764 --- [restartedMain] o.s.b.w.embedded.tomcat.TomcatWebServer  : Tomcat started on port(s): 8080 (http) with context path ''
2020-12-08 00:19:45.473  INFO 14764 --- [restartedMain] DeferredRepositoryInitializationListener : Triggering deferred initialization of Spring Data repositories…
2020-12-08 00:19:45.651  INFO 14764 --- [scheduling-1] o.h.e.t.j.p.i.JtaPlatformInitiator       : HHH000490: Using JtaPlatform implementation: [org.hibernate.engine.transaction.jta.platform.internal.NoJtaPlatform]
2020-12-08 00:19:45.654  INFO 14764 --- [scheduling-1] j.LocalContainerEntityManagerFactoryBean : Initialized JPA EntityManagerFactory for persistence unit 'default'
2020-12-08 00:19:45.793  INFO 14764 --- [restartedMain] DeferredRepositoryInitializationListener : Spring Data repositories initialized!
2020-12-08 00:19:45.799  INFO 14764 --- [restartedMain] c.e.demo.SpringbootBackendApplication    : Started SpringbootBackendApplication in 1.719 seconds (JVM running for 2.022)
2020-12-08 00:19:52.937  INFO 14764 --- [http-nio-8080-exec-1] o.a.c.c.C.[Tomcat].[localhost].[/]       : Initializing Spring DispatcherServlet 'dispatcherServlet'
2020-12-08 00:19:52.937  INFO 14764 --- [http-nio-8080-exec-1] o.s.web.servlet.DispatcherServlet        : Initializing Servlet 'dispatcherServlet'
2020-12-08 00:19:52.941  INFO 14764 --- [http-nio-8080-exec-1] o.s.web.servlet.DispatcherServlet        : Completed initialization in 4 ms
2020-12-08 00:19:52.988  INFO 14764 --- [http-nio-8080-exec-2] c.e.demo.controller.ProductController    : 103
2020-12-08 00:19:53.911  INFO 14764 --- [http-nio-8080-exec-4] c.e.demo.controller.ProductController    : The reports was created
2020-12-08 00:19:53.914  INFO 14764 --- [taskExecutor-1] c.e.demo.report.ProductReportService     : The pdf report creation started
2020-12-08 00:19:53.914  INFO 14764 --- [taskExecutor-2] c.e.demo.report.ProductReportService     : The html report creation started
2020-12-08 00:20:00.004  INFO 14764 --- [taskExecutor-3] c.example.demo.service.SchedulerService  : Tue Dec 08 00:20:00 MSK 2020
2020-12-08 00:21:00.001  INFO 14764 --- [taskExecutor-4] c.example.demo.service.SchedulerService  : Tue Dec 08 00:21:00 MSK 2020
2020-12-08 00:22:00.000  INFO 14764 --- [taskExecutor-2] c.example.demo.service.SchedulerService  : Tue Dec 08 00:22:00 MSK 2020
2020-12-08 00:23:00.001  INFO 14764 --- [taskExecutor-1] c.example.demo.service.SchedulerService  : Tue Dec 08 00:23:00 MSK 2020
2020-12-08 00:24:00.000  INFO 14764 --- [taskExecutor-3] c.example.demo.service.SchedulerService  : Tue Dec 08 00:24:00 MSK 2020
2020-12-08 00:24:22.640  INFO 14764 --- [SpringContextShutdownHook] o.s.s.concurrent.ThreadPoolTaskExecutor  : Shutting down ExecutorService 'taskExecutor'
2020-12-08 00:24:22.641  INFO 14764 --- [SpringContextShutdownHook] j.LocalContainerEntityManagerFactoryBean : Closing JPA EntityManagerFactory for persistence unit 'default'
2020-12-08 00:24:22.642  INFO 14764 --- [SpringContextShutdownHook] o.s.s.c.ThreadPoolTaskScheduler          : Shutting down ExecutorService 'taskScheduler'
2020-12-08 00:24:22.642  INFO 14764 --- [SpringContextShutdownHook] com.zaxxer.hikari.HikariDataSource       : HikariPool-1 - Shutdown initiated...
2020-12-08 00:24:22.646  INFO 14764 --- [SpringContextShutdownHook] com.zaxxer.hikari.HikariDataSource       : HikariPool-1 - Shutdown completed.
2020-12-08 00:24:26.807  INFO 15754 --- [restartedMain] c.e.demo.SpringbootBackendApplication    : Starting SpringbootBackendApplication on dmitry with PID 15754 (/home/dmitry/Documents/CourseWork/springboot-backend/target/classes started by dmitry in /home/dmitry/Documents/CourseWork/springboot-backend)
2020-12-08 00:24:26.808  INFO 15754 --- [restartedMain] c.e.demo.SpringbootBackendApplication    : No active profile set, falling back to default profiles: default
2020-12-08 00:24:26.930  INFO 15754 --- [restartedMain] .e.DevToolsPropertyDefaultsPostProcessor : Devtools property defaults active! Set 'spring.devtools.add-properties' to 'false' to disable
2020-12-08 00:24:26.930  INFO 15754 --- [restartedMain] .e.DevToolsPropertyDefaultsPostProcessor : For additional web related logging consider setting the 'logging.level.web' property to 'DEBUG'
2020-12-08 00:24:27.211  INFO 15754 --- [restartedMain] .s.d.r.c.RepositoryConfigurationDelegate : Bootstrapping Spring Data JPA repositories in DEFERRED mode.
2020-12-08 00:24:27.242  INFO 15754 --- [restartedMain] .s.d.r.c.RepositoryConfigurationDelegate : Finished Spring Data repository scanning in 27ms. Found 5 JPA repository interfaces.
2020-12-08 00:24:27.519  INFO 15754 --- [restartedMain] o.s.b.w.embedded.tomcat.TomcatWebServer  : Tomcat initialized with port(s): 8080 (http)
2020-12-08 00:24:27.523  INFO 15754 --- [restartedMain] o.apache.catalina.core.StandardService   : Starting service [Tomcat]
2020-12-08 00:24:27.523  INFO 15754 --- [restartedMain] org.apache.catalina.core.StandardEngine  : Starting Servlet engine: [Apache Tomcat/9.0.39]
2020-12-08 00:24:27.562  INFO 15754 --- [restartedMain] o.a.c.c.C.[Tomcat].[localhost].[/]       : Initializing Spring embedded WebApplicationContext
2020-12-08 00:24:27.563  INFO 15754 --- [restartedMain] w.s.c.ServletWebServerApplicationContext : Root WebApplicationContext: initialization completed in 633 ms
2020-12-08 00:24:27.634  INFO 15754 --- [restartedMain] o.s.s.c.ThreadPoolTaskScheduler          : Initializing ExecutorService 'taskScheduler'
2020-12-08 00:24:27.651  INFO 15754 --- [scheduling-1] o.hibernate.jpa.internal.util.LogHelper  : HHH000204: Processing PersistenceUnitInfo [name: default]
2020-12-08 00:24:27.668  INFO 15754 --- [scheduling-1] org.hibernate.Version                    : HHH000412: Hibernate ORM core version 5.4.22.Final
2020-12-08 00:24:27.696  INFO 15754 --- [restartedMain] o.s.s.concurrent.ThreadPoolTaskExecutor  : Initializing ExecutorService
2020-12-08 00:24:27.698  INFO 15754 --- [restartedMain] o.s.s.concurrent.ThreadPoolTaskExecutor  : Initializing ExecutorService 'taskExecutor'
2020-12-08 00:24:27.719  WARN 15754 --- [restartedMain] JpaBaseConfiguration$JpaWebConfiguration : spring.jpa.open-in-view is enabled by default. Therefore, database queries may be performed during view rendering. Explicitly configure spring.jpa.open-in-view to disable this warning
2020-12-08 00:24:27.721  INFO 15754 --- [scheduling-1] o.hibernate.annotations.common.Version   : HCANN000001: Hibernate Commons Annotations {5.1.0.Final}
2020-12-08 00:24:27.757  INFO 15754 --- [scheduling-1] com.zaxxer.hikari.HikariDataSource       : HikariPool-1 - Starting...
2020-12-08 00:24:27.865  WARN 15754 --- [restartedMain] .b.a.g.t.GroovyTemplateAutoConfiguration : Cannot find template location: classpath:/templates/ (please add some templates, check your Groovy configuration, or set spring.groovy.template.check-template-location=false)
2020-12-08 00:24:27.897  INFO 15754 --- [scheduling-1] com.zaxxer.hikari.HikariDataSource       : HikariPool-1 - Start completed.
2020-12-08 00:24:27.903  INFO 15754 --- [scheduling-1] org.hibernate.dialect.Dialect            : HHH000400: Using dialect: org.hibernate.dialect.MySQL8Dialect
2020-12-08 00:24:27.981  INFO 15754 --- [restartedMain] o.s.b.d.a.OptionalLiveReloadServer       : LiveReload server is running on port 35729
2020-12-08 00:24:27.997  INFO 15754 --- [restartedMain] o.s.b.w.embedded.tomcat.TomcatWebServer  : Tomcat started on port(s): 8080 (http) with context path ''
2020-12-08 00:24:27.998  INFO 15754 --- [restartedMain] DeferredRepositoryInitializationListener : Triggering deferred initialization of Spring Data repositories…
2020-12-08 00:24:28.180  INFO 15754 --- [scheduling-1] o.h.e.t.j.p.i.JtaPlatformInitiator       : HHH000490: Using JtaPlatform implementation: [org.hibernate.engine.transaction.jta.platform.internal.NoJtaPlatform]
2020-12-08 00:24:28.184  INFO 15754 --- [scheduling-1] j.LocalContainerEntityManagerFactoryBean : Initialized JPA EntityManagerFactory for persistence unit 'default'
2020-12-08 00:24:28.309  INFO 15754 --- [restartedMain] DeferredRepositoryInitializationListener : Spring Data repositories initialized!
2020-12-08 00:24:28.315  INFO 15754 --- [restartedMain] c.e.demo.SpringbootBackendApplication    : Started SpringbootBackendApplication in 1.677 seconds (JVM running for 2.008)
2020-12-08 00:24:29.030  INFO 15754 --- [http-nio-8080-exec-1] o.a.c.c.C.[Tomcat].[localhost].[/]       : Initializing Spring DispatcherServlet 'dispatcherServlet'
2020-12-08 00:24:29.030  INFO 15754 --- [http-nio-8080-exec-1] o.s.web.servlet.DispatcherServlet        : Initializing Servlet 'dispatcherServlet'
2020-12-08 00:24:29.034  INFO 15754 --- [http-nio-8080-exec-1] o.s.web.servlet.DispatcherServlet        : Completed initialization in 4 ms
2020-12-08 00:24:29.050  INFO 15754 --- [http-nio-8080-exec-1] c.e.demo.controller.ProductController    : The reports was created
2020-12-08 00:24:29.053  INFO 15754 --- [taskExecutor-1] c.e.demo.report.ProductReportService     : The pdf report creation started
2020-12-08 00:24:29.053  INFO 15754 --- [taskExecutor-2] c.e.demo.report.ProductReportService     : The html report creation started
2020-12-08 00:25:00.003  INFO 15754 --- [taskExecutor-3] c.example.demo.service.SchedulerService  : Tue Dec 08 00:25:00 MSK 2020
2020-12-08 00:25:48.309  INFO 15754 --- [SpringContextShutdownHook] o.s.s.concurrent.ThreadPoolTaskExecutor  : Shutting down ExecutorService 'taskExecutor'
2020-12-08 00:25:48.309  INFO 15754 --- [SpringContextShutdownHook] j.LocalContainerEntityManagerFactoryBean : Closing JPA EntityManagerFactory for persistence unit 'default'
2020-12-08 00:25:48.310  INFO 15754 --- [SpringContextShutdownHook] o.s.s.c.ThreadPoolTaskScheduler          : Shutting down ExecutorService 'taskScheduler'
2020-12-08 00:25:48.311  INFO 15754 --- [SpringContextShutdownHook] com.zaxxer.hikari.HikariDataSource       : HikariPool-1 - Shutdown initiated...
2020-12-08 00:25:48.316  INFO 15754 --- [SpringContextShutdownHook] com.zaxxer.hikari.HikariDataSource       : HikariPool-1 - Shutdown completed.
2020-12-08 00:30:42.842  INFO 18110 --- [restartedMain] c.e.demo.SpringbootBackendApplication    : Starting SpringbootBackendApplication on dmitry with PID 18110 (/home/dmitry/Documents/CourseWork/springboot-backend/target/classes started by dmitry in /home/dmitry/Documents/CourseWork/springboot-backend)
2020-12-08 00:30:42.844  INFO 18110 --- [restartedMain] c.e.demo.SpringbootBackendApplication    : No active profile set, falling back to default profiles: default
2020-12-08 00:30:42.956  INFO 18110 --- [restartedMain] .e.DevToolsPropertyDefaultsPostProcessor : Devtools property defaults active! Set 'spring.devtools.add-properties' to 'false' to disable
2020-12-08 00:30:42.956  INFO 18110 --- [restartedMain] .e.DevToolsPropertyDefaultsPostProcessor : For additional web related logging consider setting the 'logging.level.web' property to 'DEBUG'
2020-12-08 00:30:43.229  INFO 18110 --- [restartedMain] .s.d.r.c.RepositoryConfigurationDelegate : Bootstrapping Spring Data JPA repositories in DEFERRED mode.
2020-12-08 00:30:43.258  INFO 18110 --- [restartedMain] .s.d.r.c.RepositoryConfigurationDelegate : Finished Spring Data repository scanning in 25ms. Found 5 JPA repository interfaces.
2020-12-08 00:30:43.529  INFO 18110 --- [restartedMain] o.s.b.w.embedded.tomcat.TomcatWebServer  : Tomcat initialized with port(s): 8080 (http)
2020-12-08 00:30:43.533  INFO 18110 --- [restartedMain] o.apache.catalina.core.StandardService   : Starting service [Tomcat]
2020-12-08 00:30:43.533  INFO 18110 --- [restartedMain] org.apache.catalina.core.StandardEngine  : Starting Servlet engine: [Apache Tomcat/9.0.39]
2020-12-08 00:30:43.582  INFO 18110 --- [restartedMain] o.a.c.c.C.[Tomcat].[localhost].[/]       : Initializing Spring embedded WebApplicationContext
2020-12-08 00:30:43.582  INFO 18110 --- [restartedMain] w.s.c.ServletWebServerApplicationContext : Root WebApplicationContext: initialization completed in 625 ms
2020-12-08 00:30:43.661  INFO 18110 --- [restartedMain] o.s.s.c.ThreadPoolTaskScheduler          : Initializing ExecutorService 'taskScheduler'
2020-12-08 00:30:43.678  INFO 18110 --- [scheduling-1] o.hibernate.jpa.internal.util.LogHelper  : HHH000204: Processing PersistenceUnitInfo [name: default]
2020-12-08 00:30:43.697  INFO 18110 --- [scheduling-1] org.hibernate.Version                    : HHH000412: Hibernate ORM core version 5.4.22.Final
2020-12-08 00:30:43.729  INFO 18110 --- [restartedMain] o.s.s.concurrent.ThreadPoolTaskExecutor  : Initializing ExecutorService
2020-12-08 00:30:43.732  INFO 18110 --- [restartedMain] o.s.s.concurrent.ThreadPoolTaskExecutor  : Initializing ExecutorService 'taskExecutor'
2020-12-08 00:30:43.753  INFO 18110 --- [scheduling-1] o.hibernate.annotations.common.Version   : HCANN000001: Hibernate Commons Annotations {5.1.0.Final}
2020-12-08 00:30:43.753  WARN 18110 --- [restartedMain] JpaBaseConfiguration$JpaWebConfiguration : spring.jpa.open-in-view is enabled by default. Therefore, database queries may be performed during view rendering. Explicitly configure spring.jpa.open-in-view to disable this warning
2020-12-08 00:30:43.796  INFO 18110 --- [scheduling-1] com.zaxxer.hikari.HikariDataSource       : HikariPool-1 - Starting...
2020-12-08 00:30:43.920  WARN 18110 --- [restartedMain] .b.a.g.t.GroovyTemplateAutoConfiguration : Cannot find template location: classpath:/templates/ (please add some templates, check your Groovy configuration, or set spring.groovy.template.check-template-location=false)
2020-12-08 00:30:43.933  INFO 18110 --- [scheduling-1] com.zaxxer.hikari.HikariDataSource       : HikariPool-1 - Start completed.
2020-12-08 00:30:43.940  INFO 18110 --- [scheduling-1] org.hibernate.dialect.Dialect            : HHH000400: Using dialect: org.hibernate.dialect.MySQL8Dialect
2020-12-08 00:30:44.052  INFO 18110 --- [restartedMain] o.s.b.d.a.OptionalLiveReloadServer       : LiveReload server is running on port 35729
2020-12-08 00:30:44.079  INFO 18110 --- [restartedMain] o.s.b.w.embedded.tomcat.TomcatWebServer  : Tomcat started on port(s): 8080 (http) with context path ''
2020-12-08 00:30:44.081  INFO 18110 --- [restartedMain] DeferredRepositoryInitializationListener : Triggering deferred initialization of Spring Data repositories…
2020-12-08 00:30:44.230  INFO 18110 --- [scheduling-1] o.h.e.t.j.p.i.JtaPlatformInitiator       : HHH000490: Using JtaPlatform implementation: [org.hibernate.engine.transaction.jta.platform.internal.NoJtaPlatform]
2020-12-08 00:30:44.233  INFO 18110 --- [scheduling-1] j.LocalContainerEntityManagerFactoryBean : Initialized JPA EntityManagerFactory for persistence unit 'default'
2020-12-08 00:30:44.388  INFO 18110 --- [restartedMain] DeferredRepositoryInitializationListener : Spring Data repositories initialized!
2020-12-08 00:30:44.394  INFO 18110 --- [restartedMain] c.e.demo.SpringbootBackendApplication    : Started SpringbootBackendApplication in 1.74 seconds (JVM running for 2.082)
2020-12-08 00:30:45.147  INFO 18110 --- [http-nio-8080-exec-1] o.a.c.c.C.[Tomcat].[localhost].[/]       : Initializing Spring DispatcherServlet 'dispatcherServlet'
2020-12-08 00:30:45.147  INFO 18110 --- [http-nio-8080-exec-1] o.s.web.servlet.DispatcherServlet        : Initializing Servlet 'dispatcherServlet'
2020-12-08 00:30:45.153  INFO 18110 --- [http-nio-8080-exec-1] o.s.web.servlet.DispatcherServlet        : Completed initialization in 6 ms
2020-12-08 00:31:00.006  INFO 18110 --- [taskExecutor-1] c.example.demo.service.SchedulerService  : Tue Dec 08 00:31:00 MSK 2020
2020-12-08 00:32:00.001  INFO 18110 --- [taskExecutor-2] c.example.demo.service.SchedulerService  : Tue Dec 08 00:32:00 MSK 2020
2020-12-08 00:33:00.000  INFO 18110 --- [taskExecutor-3] c.example.demo.service.SchedulerService  : Tue Dec 08 00:33:00 MSK 2020
2020-12-08 00:34:00.001  INFO 18110 --- [taskExecutor-4] c.example.demo.service.SchedulerService  : Tue Dec 08 00:34:00 MSK 2020
2020-12-08 00:35:00.000  INFO 18110 --- [taskExecutor-1] c.example.demo.service.SchedulerService  : Tue Dec 08 00:35:00 MSK 2020
2020-12-08 00:36:00.000  INFO 18110 --- [taskExecutor-2] c.example.demo.service.SchedulerService  : Tue Dec 08 00:36:00 MSK 2020
2020-12-08 00:37:00.000  INFO 18110 --- [taskExecutor-3] c.example.demo.service.SchedulerService  : Tue Dec 08 00:37:00 MSK 2020
2020-12-08 00:37:20.051  INFO 18110 --- [SpringContextShutdownHook] o.s.s.concurrent.ThreadPoolTaskExecutor  : Shutting down ExecutorService 'taskExecutor'
2020-12-08 00:37:20.051  INFO 18110 --- [SpringContextShutdownHook] j.LocalContainerEntityManagerFactoryBean : Closing JPA EntityManagerFactory for persistence unit 'default'
2020-12-08 00:37:20.052  INFO 18110 --- [SpringContextShutdownHook] o.s.s.c.ThreadPoolTaskScheduler          : Shutting down ExecutorService 'taskScheduler'
2020-12-08 00:37:20.053  INFO 18110 --- [SpringContextShutdownHook] com.zaxxer.hikari.HikariDataSource       : HikariPool-1 - Shutdown initiated...
2020-12-08 00:37:20.058  INFO 18110 --- [SpringContextShutdownHook] com.zaxxer.hikari.HikariDataSource       : HikariPool-1 - Shutdown completed.
2020-12-08 00:41:23.144  INFO 19634 --- [restartedMain] c.e.demo.SpringbootBackendApplication    : Starting SpringbootBackendApplication on dmitry with PID 19634 (/home/dmitry/Documents/CourseWork/springboot-backend/target/classes started by dmitry in /home/dmitry/Documents/CourseWork/springboot-backend)
2020-12-08 00:41:23.145  INFO 19634 --- [restartedMain] c.e.demo.SpringbootBackendApplication    : No active profile set, falling back to default profiles: default
2020-12-08 00:41:23.267  INFO 19634 --- [restartedMain] .e.DevToolsPropertyDefaultsPostProcessor : Devtools property defaults active! Set 'spring.devtools.add-properties' to 'false' to disable
2020-12-08 00:41:23.267  INFO 19634 --- [restartedMain] .e.DevToolsPropertyDefaultsPostProcessor : For additional web related logging consider setting the 'logging.level.web' property to 'DEBUG'
2020-12-08 00:41:23.552  INFO 19634 --- [restartedMain] .s.d.r.c.RepositoryConfigurationDelegate : Bootstrapping Spring Data JPA repositories in DEFERRED mode.
2020-12-08 00:41:23.583  INFO 19634 --- [restartedMain] .s.d.r.c.RepositoryConfigurationDelegate : Finished Spring Data repository scanning in 28ms. Found 5 JPA repository interfaces.
2020-12-08 00:41:23.867  INFO 19634 --- [restartedMain] o.s.b.w.embedded.tomcat.TomcatWebServer  : Tomcat initialized with port(s): 8080 (http)
2020-12-08 00:41:23.871  INFO 19634 --- [restartedMain] o.apache.catalina.core.StandardService   : Starting service [Tomcat]
2020-12-08 00:41:23.871  INFO 19634 --- [restartedMain] org.apache.catalina.core.StandardEngine  : Starting Servlet engine: [Apache Tomcat/9.0.39]
2020-12-08 00:41:23.924  INFO 19634 --- [restartedMain] o.a.c.c.C.[Tomcat].[localhost].[/]       : Initializing Spring embedded WebApplicationContext
2020-12-08 00:41:23.924  INFO 19634 --- [restartedMain] w.s.c.ServletWebServerApplicationContext : Root WebApplicationContext: initialization completed in 656 ms
2020-12-08 00:41:24.009  INFO 19634 --- [restartedMain] o.s.s.c.ThreadPoolTaskScheduler          : Initializing ExecutorService 'taskScheduler'
2020-12-08 00:41:24.028  INFO 19634 --- [scheduling-1] o.hibernate.jpa.internal.util.LogHelper  : HHH000204: Processing PersistenceUnitInfo [name: default]
2020-12-08 00:41:24.046  INFO 19634 --- [scheduling-1] org.hibernate.Version                    : HHH000412: Hibernate ORM core version 5.4.22.Final
2020-12-08 00:41:24.083  INFO 19634 --- [restartedMain] o.s.s.concurrent.ThreadPoolTaskExecutor  : Initializing ExecutorService
2020-12-08 00:41:24.084  INFO 19634 --- [restartedMain] o.s.s.concurrent.ThreadPoolTaskExecutor  : Initializing ExecutorService 'taskExecutor'
2020-12-08 00:41:24.099  INFO 19634 --- [scheduling-1] o.hibernate.annotations.common.Version   : HCANN000001: Hibernate Commons Annotations {5.1.0.Final}
2020-12-08 00:41:24.104  WARN 19634 --- [restartedMain] JpaBaseConfiguration$JpaWebConfiguration : spring.jpa.open-in-view is enabled by default. Therefore, database queries may be performed during view rendering. Explicitly configure spring.jpa.open-in-view to disable this warning
2020-12-08 00:41:24.133  INFO 19634 --- [scheduling-1] com.zaxxer.hikari.HikariDataSource       : HikariPool-1 - Starting...
2020-12-08 00:41:24.278  WARN 19634 --- [restartedMain] .b.a.g.t.GroovyTemplateAutoConfiguration : Cannot find template location: classpath:/templates/ (please add some templates, check your Groovy configuration, or set spring.groovy.template.check-template-location=false)
2020-12-08 00:41:24.288  INFO 19634 --- [scheduling-1] com.zaxxer.hikari.HikariDataSource       : HikariPool-1 - Start completed.
2020-12-08 00:41:24.293  INFO 19634 --- [scheduling-1] org.hibernate.dialect.Dialect            : HHH000400: Using dialect: org.hibernate.dialect.MySQL8Dialect
2020-12-08 00:41:24.398  INFO 19634 --- [restartedMain] o.s.b.d.a.OptionalLiveReloadServer       : LiveReload server is running on port 35729
2020-12-08 00:41:24.415  INFO 19634 --- [restartedMain] o.s.b.w.embedded.tomcat.TomcatWebServer  : Tomcat started on port(s): 8080 (http) with context path ''
2020-12-08 00:41:24.416  INFO 19634 --- [restartedMain] DeferredRepositoryInitializationListener : Triggering deferred initialization of Spring Data repositories…
2020-12-08 00:41:24.568  INFO 19634 --- [scheduling-1] o.h.e.t.j.p.i.JtaPlatformInitiator       : HHH000490: Using JtaPlatform implementation: [org.hibernate.engine.transaction.jta.platform.internal.NoJtaPlatform]
2020-12-08 00:41:24.571  INFO 19634 --- [scheduling-1] j.LocalContainerEntityManagerFactoryBean : Initialized JPA EntityManagerFactory for persistence unit 'default'
2020-12-08 00:41:24.696  INFO 19634 --- [restartedMain] DeferredRepositoryInitializationListener : Spring Data repositories initialized!
2020-12-08 00:41:24.702  INFO 19634 --- [restartedMain] c.e.demo.SpringbootBackendApplication    : Started SpringbootBackendApplication in 1.721 seconds (JVM running for 2.067)
2020-12-08 00:41:25.960  INFO 19634 --- [http-nio-8080-exec-1] o.a.c.c.C.[Tomcat].[localhost].[/]       : Initializing Spring DispatcherServlet 'dispatcherServlet'
2020-12-08 00:41:25.960  INFO 19634 --- [http-nio-8080-exec-1] o.s.web.servlet.DispatcherServlet        : Initializing Servlet 'dispatcherServlet'
2020-12-08 00:41:25.965  INFO 19634 --- [http-nio-8080-exec-1] o.s.web.servlet.DispatcherServlet        : Completed initialization in 5 ms
2020-12-08 00:41:25.980  INFO 19634 --- [http-nio-8080-exec-1] c.e.demo.controller.ProductController    : The reports was created
2020-12-08 00:41:25.982  INFO 19634 --- [taskExecutor-1] c.e.demo.report.ProductReportService     : The pdf report creation started
2020-12-08 00:41:25.982  INFO 19634 --- [taskExecutor-2] c.e.demo.report.ProductReportService     : The html report creation started
2020-12-08 00:42:00.004  INFO 19634 --- [taskExecutor-3] c.example.demo.service.SchedulerService  : Tue Dec 08 00:42:00 MSK 2020
2020-12-08 00:42:15.580  INFO 19634 --- [SpringContextShutdownHook] o.s.s.concurrent.ThreadPoolTaskExecutor  : Shutting down ExecutorService 'taskExecutor'
2020-12-08 00:42:15.580  INFO 19634 --- [SpringContextShutdownHook] j.LocalContainerEntityManagerFactoryBean : Closing JPA EntityManagerFactory for persistence unit 'default'
2020-12-08 00:42:15.581  INFO 19634 --- [SpringContextShutdownHook] o.s.s.c.ThreadPoolTaskScheduler          : Shutting down ExecutorService 'taskScheduler'
2020-12-08 00:42:15.582  INFO 19634 --- [SpringContextShutdownHook] com.zaxxer.hikari.HikariDataSource       : HikariPool-1 - Shutdown initiated...
2020-12-08 00:42:15.586  INFO 19634 --- [SpringContextShutdownHook] com.zaxxer.hikari.HikariDataSource       : HikariPool-1 - Shutdown completed.
2020-12-08 00:42:18.301  INFO 19864 --- [restartedMain] c.e.demo.SpringbootBackendApplication    : Starting SpringbootBackendApplication on dmitry with PID 19864 (/home/dmitry/Documents/CourseWork/springboot-backend/target/classes started by dmitry in /home/dmitry/Documents/CourseWork/springboot-backend)
2020-12-08 00:42:18.303  INFO 19864 --- [restartedMain] c.e.demo.SpringbootBackendApplication    : No active profile set, falling back to default profiles: default
2020-12-08 00:42:18.428  INFO 19864 --- [restartedMain] .e.DevToolsPropertyDefaultsPostProcessor : Devtools property defaults active! Set 'spring.devtools.add-properties' to 'false' to disable
2020-12-08 00:42:18.429  INFO 19864 --- [restartedMain] .e.DevToolsPropertyDefaultsPostProcessor : For additional web related logging consider setting the 'logging.level.web' property to 'DEBUG'
2020-12-08 00:42:18.703  INFO 19864 --- [restartedMain] .s.d.r.c.RepositoryConfigurationDelegate : Bootstrapping Spring Data JPA repositories in DEFERRED mode.
2020-12-08 00:42:18.734  INFO 19864 --- [restartedMain] .s.d.r.c.RepositoryConfigurationDelegate : Finished Spring Data repository scanning in 27ms. Found 5 JPA repository interfaces.
2020-12-08 00:42:19.021  INFO 19864 --- [restartedMain] o.s.b.w.embedded.tomcat.TomcatWebServer  : Tomcat initialized with port(s): 8080 (http)
2020-12-08 00:42:19.025  INFO 19864 --- [restartedMain] o.apache.catalina.core.StandardService   : Starting service [Tomcat]
2020-12-08 00:42:19.025  INFO 19864 --- [restartedMain] org.apache.catalina.core.StandardEngine  : Starting Servlet engine: [Apache Tomcat/9.0.39]
2020-12-08 00:42:19.066  INFO 19864 --- [restartedMain] o.a.c.c.C.[Tomcat].[localhost].[/]       : Initializing Spring embedded WebApplicationContext
2020-12-08 00:42:19.066  INFO 19864 --- [restartedMain] w.s.c.ServletWebServerApplicationContext : Root WebApplicationContext: initialization completed in 637 ms
2020-12-08 00:42:19.140  INFO 19864 --- [restartedMain] o.s.s.c.ThreadPoolTaskScheduler          : Initializing ExecutorService 'taskScheduler'
2020-12-08 00:42:19.156  INFO 19864 --- [scheduling-1] o.hibernate.jpa.internal.util.LogHelper  : HHH000204: Processing PersistenceUnitInfo [name: default]
2020-12-08 00:42:19.172  INFO 19864 --- [scheduling-1] org.hibernate.Version                    : HHH000412: Hibernate ORM core version 5.4.22.Final
2020-12-08 00:42:19.206  INFO 19864 --- [restartedMain] o.s.s.concurrent.ThreadPoolTaskExecutor  : Initializing ExecutorService
2020-12-08 00:42:19.207  INFO 19864 --- [restartedMain] o.s.s.concurrent.ThreadPoolTaskExecutor  : Initializing ExecutorService 'taskExecutor'
2020-12-08 00:42:19.224  INFO 19864 --- [scheduling-1] o.hibernate.annotations.common.Version   : HCANN000001: Hibernate Commons Annotations {5.1.0.Final}
2020-12-08 00:42:19.229  WARN 19864 --- [restartedMain] JpaBaseConfiguration$JpaWebConfiguration : spring.jpa.open-in-view is enabled by default. Therefore, database queries may be performed during view rendering. Explicitly configure spring.jpa.open-in-view to disable this warning
2020-12-08 00:42:19.260  INFO 19864 --- [scheduling-1] com.zaxxer.hikari.HikariDataSource       : HikariPool-1 - Starting...
2020-12-08 00:42:19.377  WARN 19864 --- [restartedMain] .b.a.g.t.GroovyTemplateAutoConfiguration : Cannot find template location: classpath:/templates/ (please add some templates, check your Groovy configuration, or set spring.groovy.template.check-template-location=false)
2020-12-08 00:42:19.389  INFO 19864 --- [scheduling-1] com.zaxxer.hikari.HikariDataSource       : HikariPool-1 - Start completed.
2020-12-08 00:42:19.395  INFO 19864 --- [scheduling-1] org.hibernate.dialect.Dialect            : HHH000400: Using dialect: org.hibernate.dialect.MySQL8Dialect
2020-12-08 00:42:19.512  INFO 19864 --- [restartedMain] o.s.b.d.a.OptionalLiveReloadServer       : LiveReload server is running on port 35729
2020-12-08 00:42:19.533  INFO 19864 --- [restartedMain] o.s.b.w.embedded.tomcat.TomcatWebServer  : Tomcat started on port(s): 8080 (http) with context path ''
2020-12-08 00:42:19.534  INFO 19864 --- [restartedMain] DeferredRepositoryInitializationListener : Triggering deferred initialization of Spring Data repositories…
2020-12-08 00:42:19.669  INFO 19864 --- [scheduling-1] o.h.e.t.j.p.i.JtaPlatformInitiator       : HHH000490: Using JtaPlatform implementation: [org.hibernate.engine.transaction.jta.platform.internal.NoJtaPlatform]
2020-12-08 00:42:19.672  INFO 19864 --- [scheduling-1] j.LocalContainerEntityManagerFactoryBean : Initialized JPA EntityManagerFactory for persistence unit 'default'
2020-12-08 00:42:19.807  INFO 19864 --- [restartedMain] DeferredRepositoryInitializationListener : Spring Data repositories initialized!
2020-12-08 00:42:19.813  INFO 19864 --- [restartedMain] c.e.demo.SpringbootBackendApplication    : Started SpringbootBackendApplication in 1.689 seconds (JVM running for 2.033)
2020-12-08 00:42:21.218  INFO 19864 --- [http-nio-8080-exec-1] o.a.c.c.C.[Tomcat].[localhost].[/]       : Initializing Spring DispatcherServlet 'dispatcherServlet'
2020-12-08 00:42:21.218  INFO 19864 --- [http-nio-8080-exec-1] o.s.web.servlet.DispatcherServlet        : Initializing Servlet 'dispatcherServlet'
2020-12-08 00:42:21.222  INFO 19864 --- [http-nio-8080-exec-1] o.s.web.servlet.DispatcherServlet        : Completed initialization in 4 ms
2020-12-08 00:42:21.237  INFO 19864 --- [http-nio-8080-exec-1] c.e.demo.controller.ProductController    : The reports was created
2020-12-08 00:42:21.239  INFO 19864 --- [taskExecutor-2] c.e.demo.report.ProductReportService     : The html report creation started
2020-12-08 00:42:21.239  INFO 19864 --- [taskExecutor-1] c.e.demo.report.ProductReportService     : The pdf report creation started
2020-12-08 00:42:55.568  INFO 19864 --- [SpringContextShutdownHook] o.s.s.concurrent.ThreadPoolTaskExecutor  : Shutting down ExecutorService 'taskExecutor'
2020-12-08 00:42:55.568  INFO 19864 --- [SpringContextShutdownHook] j.LocalContainerEntityManagerFactoryBean : Closing JPA EntityManagerFactory for persistence unit 'default'
2020-12-08 00:42:55.569  INFO 19864 --- [SpringContextShutdownHook] o.s.s.c.ThreadPoolTaskScheduler          : Shutting down ExecutorService 'taskScheduler'
2020-12-08 00:42:55.570  INFO 19864 --- [SpringContextShutdownHook] com.zaxxer.hikari.HikariDataSource       : HikariPool-1 - Shutdown initiated...
2020-12-08 00:42:55.574  INFO 19864 --- [SpringContextShutdownHook] com.zaxxer.hikari.HikariDataSource       : HikariPool-1 - Shutdown completed.
2020-12-08 00:42:57.520  INFO 20089 --- [restartedMain] c.e.demo.SpringbootBackendApplication    : Starting SpringbootBackendApplication on dmitry with PID 20089 (/home/dmitry/Documents/CourseWork/springboot-backend/target/classes started by dmitry in /home/dmitry/Documents/CourseWork/springboot-backend)
2020-12-08 00:42:57.522  INFO 20089 --- [restartedMain] c.e.demo.SpringbootBackendApplication    : No active profile set, falling back to default profiles: default
2020-12-08 00:42:57.650  INFO 20089 --- [restartedMain] .e.DevToolsPropertyDefaultsPostProcessor : Devtools property defaults active! Set 'spring.devtools.add-properties' to 'false' to disable
2020-12-08 00:42:57.650  INFO 20089 --- [restartedMain] .e.DevToolsPropertyDefaultsPostProcessor : For additional web related logging consider setting the 'logging.level.web' property to 'DEBUG'
2020-12-08 00:42:57.937  INFO 20089 --- [restartedMain] .s.d.r.c.RepositoryConfigurationDelegate : Bootstrapping Spring Data JPA repositories in DEFERRED mode.
2020-12-08 00:42:57.967  INFO 20089 --- [restartedMain] .s.d.r.c.RepositoryConfigurationDelegate : Finished Spring Data repository scanning in 27ms. Found 5 JPA repository interfaces.
2020-12-08 00:42:58.248  INFO 20089 --- [restartedMain] o.s.b.w.embedded.tomcat.TomcatWebServer  : Tomcat initialized with port(s): 8080 (http)
2020-12-08 00:42:58.252  INFO 20089 --- [restartedMain] o.apache.catalina.core.StandardService   : Starting service [Tomcat]
2020-12-08 00:42:58.252  INFO 20089 --- [restartedMain] org.apache.catalina.core.StandardEngine  : Starting Servlet engine: [Apache Tomcat/9.0.39]
2020-12-08 00:42:58.289  INFO 20089 --- [restartedMain] o.a.c.c.C.[Tomcat].[localhost].[/]       : Initializing Spring embedded WebApplicationContext
2020-12-08 00:42:58.289  INFO 20089 --- [restartedMain] w.s.c.ServletWebServerApplicationContext : Root WebApplicationContext: initialization completed in 638 ms
2020-12-08 00:42:58.360  INFO 20089 --- [restartedMain] o.s.s.c.ThreadPoolTaskScheduler          : Initializing ExecutorService 'taskScheduler'
2020-12-08 00:42:58.378  INFO 20089 --- [scheduling-1] o.hibernate.jpa.internal.util.LogHelper  : HHH000204: Processing PersistenceUnitInfo [name: default]
2020-12-08 00:42:58.400  INFO 20089 --- [scheduling-1] org.hibernate.Version                    : HHH000412: Hibernate ORM core version 5.4.22.Final
2020-12-08 00:42:58.439  INFO 20089 --- [restartedMain] o.s.s.concurrent.ThreadPoolTaskExecutor  : Initializing ExecutorService
2020-12-08 00:42:58.440  INFO 20089 --- [restartedMain] o.s.s.concurrent.ThreadPoolTaskExecutor  : Initializing ExecutorService 'taskExecutor'
2020-12-08 00:42:58.457  INFO 20089 --- [scheduling-1] o.hibernate.annotations.common.Version   : HCANN000001: Hibernate Commons Annotations {5.1.0.Final}
2020-12-08 00:42:58.461  WARN 20089 --- [restartedMain] JpaBaseConfiguration$JpaWebConfiguration : spring.jpa.open-in-view is enabled by default. Therefore, database queries may be performed during view rendering. Explicitly configure spring.jpa.open-in-view to disable this warning
2020-12-08 00:42:58.493  INFO 20089 --- [scheduling-1] com.zaxxer.hikari.HikariDataSource       : HikariPool-1 - Starting...
2020-12-08 00:42:58.605  WARN 20089 --- [restartedMain] .b.a.g.t.GroovyTemplateAutoConfiguration : Cannot find template location: classpath:/templates/ (please add some templates, check your Groovy configuration, or set spring.groovy.template.check-template-location=false)
2020-12-08 00:42:58.621  INFO 20089 --- [scheduling-1] com.zaxxer.hikari.HikariDataSource       : HikariPool-1 - Start completed.
2020-12-08 00:42:58.627  INFO 20089 --- [scheduling-1] org.hibernate.dialect.Dialect            : HHH000400: Using dialect: org.hibernate.dialect.MySQL8Dialect
2020-12-08 00:42:58.728  INFO 20089 --- [restartedMain] o.s.b.d.a.OptionalLiveReloadServer       : LiveReload server is running on port 35729
2020-12-08 00:42:58.745  INFO 20089 --- [restartedMain] o.s.b.w.embedded.tomcat.TomcatWebServer  : Tomcat started on port(s): 8080 (http) with context path ''
2020-12-08 00:42:58.746  INFO 20089 --- [restartedMain] DeferredRepositoryInitializationListener : Triggering deferred initialization of Spring Data repositories…
2020-12-08 00:42:58.896  INFO 20089 --- [scheduling-1] o.h.e.t.j.p.i.JtaPlatformInitiator       : HHH000490: Using JtaPlatform implementation: [org.hibernate.engine.transaction.jta.platform.internal.NoJtaPlatform]
2020-12-08 00:42:58.900  INFO 20089 --- [scheduling-1] j.LocalContainerEntityManagerFactoryBean : Initialized JPA EntityManagerFactory for persistence unit 'default'
2020-12-08 00:42:59.018  INFO 20089 --- [restartedMain] DeferredRepositoryInitializationListener : Spring Data repositories initialized!
2020-12-08 00:42:59.023  INFO 20089 --- [restartedMain] c.e.demo.SpringbootBackendApplication    : Started SpringbootBackendApplication in 1.689 seconds (JVM running for 2.003)
2020-12-08 00:43:00.015  INFO 20089 --- [taskExecutor-1] c.example.demo.service.SchedulerService  : Tue Dec 08 00:43:00 MSK 2020
2020-12-08 00:43:03.337  INFO 20089 --- [http-nio-8080-exec-1] o.a.c.c.C.[Tomcat].[localhost].[/]       : Initializing Spring DispatcherServlet 'dispatcherServlet'
2020-12-08 00:43:03.337  INFO 20089 --- [http-nio-8080-exec-1] o.s.web.servlet.DispatcherServlet        : Initializing Servlet 'dispatcherServlet'
2020-12-08 00:43:03.341  INFO 20089 --- [http-nio-8080-exec-1] o.s.web.servlet.DispatcherServlet        : Completed initialization in 3 ms
2020-12-08 00:43:03.354  INFO 20089 --- [http-nio-8080-exec-1] c.e.demo.controller.ProductController    : The reports was created
2020-12-08 00:43:03.356  INFO 20089 --- [taskExecutor-2] c.e.demo.report.ProductReportService     : The pdf report creation started
2020-12-08 00:43:03.356  INFO 20089 --- [taskExecutor-3] c.e.demo.report.ProductReportService     : The html report creation started
2020-12-08 00:43:16.606  INFO 20089 --- [SpringContextShutdownHook] o.s.s.concurrent.ThreadPoolTaskExecutor  : Shutting down ExecutorService 'taskExecutor'
2020-12-08 00:43:16.606  INFO 20089 --- [SpringContextShutdownHook] j.LocalContainerEntityManagerFactoryBean : Closing JPA EntityManagerFactory for persistence unit 'default'
2020-12-08 00:43:16.607  INFO 20089 --- [SpringContextShutdownHook] o.s.s.c.ThreadPoolTaskScheduler          : Shutting down ExecutorService 'taskScheduler'
2020-12-08 00:43:16.608  INFO 20089 --- [SpringContextShutdownHook] com.zaxxer.hikari.HikariDataSource       : HikariPool-1 - Shutdown initiated...
2020-12-08 00:43:16.612  INFO 20089 --- [SpringContextShutdownHook] com.zaxxer.hikari.HikariDataSource       : HikariPool-1 - Shutdown completed.
2020-12-08 00:43:19.006  INFO 20306 --- [restartedMain] c.e.demo.SpringbootBackendApplication    : Starting SpringbootBackendApplication on dmitry with PID 20306 (/home/dmitry/Documents/CourseWork/springboot-backend/target/classes started by dmitry in /home/dmitry/Documents/CourseWork/springboot-backend)
2020-12-08 00:43:19.007  INFO 20306 --- [restartedMain] c.e.demo.SpringbootBackendApplication    : No active profile set, falling back to default profiles: default
2020-12-08 00:43:19.125  INFO 20306 --- [restartedMain] .e.DevToolsPropertyDefaultsPostProcessor : Devtools property defaults active! Set 'spring.devtools.add-properties' to 'false' to disable
2020-12-08 00:43:19.125  INFO 20306 --- [restartedMain] .e.DevToolsPropertyDefaultsPostProcessor : For additional web related logging consider setting the 'logging.level.web' property to 'DEBUG'
2020-12-08 00:43:19.406  INFO 20306 --- [restartedMain] .s.d.r.c.RepositoryConfigurationDelegate : Bootstrapping Spring Data JPA repositories in DEFERRED mode.
2020-12-08 00:43:19.436  INFO 20306 --- [restartedMain] .s.d.r.c.RepositoryConfigurationDelegate : Finished Spring Data repository scanning in 27ms. Found 5 JPA repository interfaces.
2020-12-08 00:43:19.713  INFO 20306 --- [restartedMain] o.s.b.w.embedded.tomcat.TomcatWebServer  : Tomcat initialized with port(s): 8080 (http)
2020-12-08 00:43:19.717  INFO 20306 --- [restartedMain] o.apache.catalina.core.StandardService   : Starting service [Tomcat]
2020-12-08 00:43:19.718  INFO 20306 --- [restartedMain] org.apache.catalina.core.StandardEngine  : Starting Servlet engine: [Apache Tomcat/9.0.39]
2020-12-08 00:43:19.765  INFO 20306 --- [restartedMain] o.a.c.c.C.[Tomcat].[localhost].[/]       : Initializing Spring embedded WebApplicationContext
2020-12-08 00:43:19.765  INFO 20306 --- [restartedMain] w.s.c.ServletWebServerApplicationContext : Root WebApplicationContext: initialization completed in 640 ms
2020-12-08 00:43:19.843  INFO 20306 --- [restartedMain] o.s.s.c.ThreadPoolTaskScheduler          : Initializing ExecutorService 'taskScheduler'
2020-12-08 00:43:19.859  INFO 20306 --- [scheduling-1] o.hibernate.jpa.internal.util.LogHelper  : HHH000204: Processing PersistenceUnitInfo [name: default]
2020-12-08 00:43:19.877  INFO 20306 --- [scheduling-1] org.hibernate.Version                    : HHH000412: Hibernate ORM core version 5.4.22.Final
2020-12-08 00:43:19.911  INFO 20306 --- [restartedMain] o.s.s.concurrent.ThreadPoolTaskExecutor  : Initializing ExecutorService
2020-12-08 00:43:19.912  INFO 20306 --- [restartedMain] o.s.s.concurrent.ThreadPoolTaskExecutor  : Initializing ExecutorService 'taskExecutor'
2020-12-08 00:43:19.929  INFO 20306 --- [scheduling-1] o.hibernate.annotations.common.Version   : HCANN000001: Hibernate Commons Annotations {5.1.0.Final}
2020-12-08 00:43:19.932  WARN 20306 --- [restartedMain] JpaBaseConfiguration$JpaWebConfiguration : spring.jpa.open-in-view is enabled by default. Therefore, database queries may be performed during view rendering. Explicitly configure spring.jpa.open-in-view to disable this warning
2020-12-08 00:43:19.962  INFO 20306 --- [scheduling-1] com.zaxxer.hikari.HikariDataSource       : HikariPool-1 - Starting...
2020-12-08 00:43:20.070  WARN 20306 --- [restartedMain] .b.a.g.t.GroovyTemplateAutoConfiguration : Cannot find template location: classpath:/templates/ (please add some templates, check your Groovy configuration, or set spring.groovy.template.check-template-location=false)
2020-12-08 00:43:20.096  INFO 20306 --- [scheduling-1] com.zaxxer.hikari.HikariDataSource       : HikariPool-1 - Start completed.
2020-12-08 00:43:20.103  INFO 20306 --- [scheduling-1] org.hibernate.dialect.Dialect            : HHH000400: Using dialect: org.hibernate.dialect.MySQL8Dialect
2020-12-08 00:43:20.182  INFO 20306 --- [restartedMain] o.s.b.d.a.OptionalLiveReloadServer       : LiveReload server is running on port 35729
2020-12-08 00:43:20.197  INFO 20306 --- [restartedMain] o.s.b.w.embedded.tomcat.TomcatWebServer  : Tomcat started on port(s): 8080 (http) with context path ''
2020-12-08 00:43:20.199  INFO 20306 --- [restartedMain] DeferredRepositoryInitializationListener : Triggering deferred initialization of Spring Data repositories…
2020-12-08 00:43:20.357  INFO 20306 --- [scheduling-1] o.h.e.t.j.p.i.JtaPlatformInitiator       : HHH000490: Using JtaPlatform implementation: [org.hibernate.engine.transaction.jta.platform.internal.NoJtaPlatform]
2020-12-08 00:43:20.367  INFO 20306 --- [scheduling-1] j.LocalContainerEntityManagerFactoryBean : Initialized JPA EntityManagerFactory for persistence unit 'default'
2020-12-08 00:43:20.505  INFO 20306 --- [restartedMain] DeferredRepositoryInitializationListener : Spring Data repositories initialized!
2020-12-08 00:43:20.512  INFO 20306 --- [restartedMain] c.e.demo.SpringbootBackendApplication    : Started SpringbootBackendApplication in 1.658 seconds (JVM running for 1.967)
2020-12-08 00:43:24.852  INFO 20306 --- [http-nio-8080-exec-1] o.a.c.c.C.[Tomcat].[localhost].[/]       : Initializing Spring DispatcherServlet 'dispatcherServlet'
2020-12-08 00:43:24.852  INFO 20306 --- [http-nio-8080-exec-1] o.s.web.servlet.DispatcherServlet        : Initializing Servlet 'dispatcherServlet'
2020-12-08 00:43:24.856  INFO 20306 --- [http-nio-8080-exec-1] o.s.web.servlet.DispatcherServlet        : Completed initialization in 3 ms
2020-12-08 00:43:24.872  INFO 20306 --- [http-nio-8080-exec-1] c.e.demo.controller.ProductController    : The reports was created
2020-12-08 00:43:24.875  INFO 20306 --- [taskExecutor-2] c.e.demo.report.ProductReportService     : The html report creation started
2020-12-08 00:43:24.875  INFO 20306 --- [taskExecutor-1] c.e.demo.report.ProductReportService     : The pdf report creation started
2020-12-08 00:43:55.732  INFO 20306 --- [SpringContextShutdownHook] o.s.s.concurrent.ThreadPoolTaskExecutor  : Shutting down ExecutorService 'taskExecutor'
2020-12-08 00:43:55.732  INFO 20306 --- [SpringContextShutdownHook] j.LocalContainerEntityManagerFactoryBean : Closing JPA EntityManagerFactory for persistence unit 'default'
2020-12-08 00:43:55.733  INFO 20306 --- [SpringContextShutdownHook] o.s.s.c.ThreadPoolTaskScheduler          : Shutting down ExecutorService 'taskScheduler'
2020-12-08 00:43:55.734  INFO 20306 --- [SpringContextShutdownHook] com.zaxxer.hikari.HikariDataSource       : HikariPool-1 - Shutdown initiated...
2020-12-08 00:43:55.738  INFO 20306 --- [SpringContextShutdownHook] com.zaxxer.hikari.HikariDataSource       : HikariPool-1 - Shutdown completed.
2020-12-08 00:43:57.969  INFO 20519 --- [restartedMain] c.e.demo.SpringbootBackendApplication    : Starting SpringbootBackendApplication on dmitry with PID 20519 (/home/dmitry/Documents/CourseWork/springboot-backend/target/classes started by dmitry in /home/dmitry/Documents/CourseWork/springboot-backend)
2020-12-08 00:43:57.970  INFO 20519 --- [restartedMain] c.e.demo.SpringbootBackendApplication    : No active profile set, falling back to default profiles: default
2020-12-08 00:43:58.085  INFO 20519 --- [restartedMain] .e.DevToolsPropertyDefaultsPostProcessor : Devtools property defaults active! Set 'spring.devtools.add-properties' to 'false' to disable
2020-12-08 00:43:58.085  INFO 20519 --- [restartedMain] .e.DevToolsPropertyDefaultsPostProcessor : For additional web related logging consider setting the 'logging.level.web' property to 'DEBUG'
2020-12-08 00:43:58.377  INFO 20519 --- [restartedMain] .s.d.r.c.RepositoryConfigurationDelegate : Bootstrapping Spring Data JPA repositories in DEFERRED mode.
2020-12-08 00:43:58.407  INFO 20519 --- [restartedMain] .s.d.r.c.RepositoryConfigurationDelegate : Finished Spring Data repository scanning in 27ms. Found 5 JPA repository interfaces.
2020-12-08 00:43:58.694  INFO 20519 --- [restartedMain] o.s.b.w.embedded.tomcat.TomcatWebServer  : Tomcat initialized with port(s): 8080 (http)
2020-12-08 00:43:58.698  INFO 20519 --- [restartedMain] o.apache.catalina.core.StandardService   : Starting service [Tomcat]
2020-12-08 00:43:58.698  INFO 20519 --- [restartedMain] org.apache.catalina.core.StandardEngine  : Starting Servlet engine: [Apache Tomcat/9.0.39]
2020-12-08 00:43:58.744  INFO 20519 --- [restartedMain] o.a.c.c.C.[Tomcat].[localhost].[/]       : Initializing Spring embedded WebApplicationContext
2020-12-08 00:43:58.744  INFO 20519 --- [restartedMain] w.s.c.ServletWebServerApplicationContext : Root WebApplicationContext: initialization completed in 659 ms
2020-12-08 00:43:58.822  INFO 20519 --- [restartedMain] o.s.s.c.ThreadPoolTaskScheduler          : Initializing ExecutorService 'taskScheduler'
2020-12-08 00:43:58.838  INFO 20519 --- [scheduling-1] o.hibernate.jpa.internal.util.LogHelper  : HHH000204: Processing PersistenceUnitInfo [name: default]
2020-12-08 00:43:58.855  INFO 20519 --- [scheduling-1] org.hibernate.Version                    : HHH000412: Hibernate ORM core version 5.4.22.Final
2020-12-08 00:43:58.883  INFO 20519 --- [restartedMain] o.s.s.concurrent.ThreadPoolTaskExecutor  : Initializing ExecutorService
2020-12-08 00:43:58.884  INFO 20519 --- [restartedMain] o.s.s.concurrent.ThreadPoolTaskExecutor  : Initializing ExecutorService 'taskExecutor'
2020-12-08 00:43:58.908  INFO 20519 --- [scheduling-1] o.hibernate.annotations.common.Version   : HCANN000001: Hibernate Commons Annotations {5.1.0.Final}
2020-12-08 00:43:58.908  WARN 20519 --- [restartedMain] JpaBaseConfiguration$JpaWebConfiguration : spring.jpa.open-in-view is enabled by default. Therefore, database queries may be performed during view rendering. Explicitly configure spring.jpa.open-in-view to disable this warning
2020-12-08 00:43:58.942  INFO 20519 --- [scheduling-1] com.zaxxer.hikari.HikariDataSource       : HikariPool-1 - Starting...
2020-12-08 00:43:59.048  WARN 20519 --- [restartedMain] .b.a.g.t.GroovyTemplateAutoConfiguration : Cannot find template location: classpath:/templates/ (please add some templates, check your Groovy configuration, or set spring.groovy.template.check-template-location=false)
2020-12-08 00:43:59.067  INFO 20519 --- [scheduling-1] com.zaxxer.hikari.HikariDataSource       : HikariPool-1 - Start completed.
2020-12-08 00:43:59.072  INFO 20519 --- [scheduling-1] org.hibernate.dialect.Dialect            : HHH000400: Using dialect: org.hibernate.dialect.MySQL8Dialect
2020-12-08 00:43:59.167  INFO 20519 --- [restartedMain] o.s.b.d.a.OptionalLiveReloadServer       : LiveReload server is running on port 35729
2020-12-08 00:43:59.185  INFO 20519 --- [restartedMain] o.s.b.w.embedded.tomcat.TomcatWebServer  : Tomcat started on port(s): 8080 (http) with context path ''
2020-12-08 00:43:59.186  INFO 20519 --- [restartedMain] DeferredRepositoryInitializationListener : Triggering deferred initialization of Spring Data repositories…
2020-12-08 00:43:59.337  INFO 20519 --- [scheduling-1] o.h.e.t.j.p.i.JtaPlatformInitiator       : HHH000490: Using JtaPlatform implementation: [org.hibernate.engine.transaction.jta.platform.internal.NoJtaPlatform]
2020-12-08 00:43:59.340  INFO 20519 --- [scheduling-1] j.LocalContainerEntityManagerFactoryBean : Initialized JPA EntityManagerFactory for persistence unit 'default'
2020-12-08 00:43:59.476  INFO 20519 --- [restartedMain] DeferredRepositoryInitializationListener : Spring Data repositories initialized!
2020-12-08 00:43:59.482  INFO 20519 --- [restartedMain] c.e.demo.SpringbootBackendApplication    : Started SpringbootBackendApplication in 1.677 seconds (JVM running for 2.027)
2020-12-08 00:44:00.006  INFO 20519 --- [taskExecutor-1] c.example.demo.service.SchedulerService  : Tue Dec 08 00:44:00 MSK 2020
2020-12-08 00:44:00.658  INFO 20519 --- [http-nio-8080-exec-1] o.a.c.c.C.[Tomcat].[localhost].[/]       : Initializing Spring DispatcherServlet 'dispatcherServlet'
2020-12-08 00:44:00.658  INFO 20519 --- [http-nio-8080-exec-1] o.s.web.servlet.DispatcherServlet        : Initializing Servlet 'dispatcherServlet'
2020-12-08 00:44:00.663  INFO 20519 --- [http-nio-8080-exec-1] o.s.web.servlet.DispatcherServlet        : Completed initialization in 5 ms
2020-12-08 00:44:00.677  INFO 20519 --- [http-nio-8080-exec-1] c.e.demo.controller.ProductController    : The reports was created
2020-12-08 00:44:00.679  INFO 20519 --- [taskExecutor-2] c.e.demo.report.ProductReportService     : The pdf report creation started
2020-12-08 00:44:00.679  INFO 20519 --- [taskExecutor-3] c.e.demo.report.ProductReportService     : The html report creation started
2020-12-08 00:44:04.388  INFO 20519 --- [taskExecutor-4] c.e.demo.report.ProductReportService     : The pdf report creation started
2020-12-08 00:44:04.388  INFO 20519 --- [http-nio-8080-exec-2] c.e.demo.controller.ProductController    : The reports was created
2020-12-08 00:44:04.388  INFO 20519 --- [taskExecutor-1] c.e.demo.report.ProductReportService     : The html report creation started
2020-12-08 00:44:18.049  INFO 20519 --- [SpringContextShutdownHook] o.s.s.concurrent.ThreadPoolTaskExecutor  : Shutting down ExecutorService 'taskExecutor'
2020-12-08 00:44:18.050  INFO 20519 --- [SpringContextShutdownHook] j.LocalContainerEntityManagerFactoryBean : Closing JPA EntityManagerFactory for persistence unit 'default'
2020-12-08 00:44:18.051  INFO 20519 --- [SpringContextShutdownHook] o.s.s.c.ThreadPoolTaskScheduler          : Shutting down ExecutorService 'taskScheduler'
2020-12-08 00:44:18.052  INFO 20519 --- [SpringContextShutdownHook] com.zaxxer.hikari.HikariDataSource       : HikariPool-1 - Shutdown initiated...
2020-12-08 00:44:18.056  INFO 20519 --- [SpringContextShutdownHook] com.zaxxer.hikari.HikariDataSource       : HikariPool-1 - Shutdown completed.
